<?xml version="1.0" encoding="UTF-8"?>
<!-- Generated by org.testng.reporters.JUnitXMLReporter -->
<testsuite ignored="0" hostname="DESKTOP-PQK8607" failures="1" tests="6" name="Run on Edge" time="34.05" errors="0" timestamp="03 Oct 2023 16:46:03 GMT">
  <testcase classname="com.nopcommerce.users.Level_04_Multiple_Browsers" name="Register_01_Empty_Data" time="1.529"/>
  <testcase classname="com.nopcommerce.users.Level_04_Multiple_Browsers" name="Register_02_Invalid_Email" time="1.711"/>
  <testcase classname="com.nopcommerce.users.Level_04_Multiple_Browsers" name="Register_03_Invalid_Password" time="1.435"/>
  <testcase classname="com.nopcommerce.users.Level_04_Multiple_Browsers" name="Register_04_Invalid_Confirm_Password" time="1.515"/>
  <testcase classname="com.nopcommerce.users.Level_04_Multiple_Browsers" name="Register_05_Success" time="3.082"/>
  <testcase classname="com.nopcommerce.users.Level_04_Multiple_Browsers" name="Register_06_Verify_Login" time="15.534">
    <failure type="org.openqa.selenium.TimeoutException" message="Expected condition failed: waiting for visibility of element located by By.xpath: //a[@class=&amp;apos;ico-login&amp;apos;] (tried for 15 second(s) with 500 milliseconds interval)
Build info: version: &amp;apos;4.13.0&amp;apos;, revision: &amp;apos;ba948ece5b*&amp;apos;
System info: os.name: &amp;apos;Windows 10&amp;apos;, os.arch: &amp;apos;amd64&amp;apos;, os.version: &amp;apos;10.0&amp;apos;, java.version: &amp;apos;11.0.17&amp;apos;
Driver info: org.openqa.selenium.edge.EdgeDriver
Capabilities {acceptInsecureCerts: false, browserName: msedge, browserVersion: 117.0.2045.47, fedcm:accounts: true, ms:edgeOptions: {debuggerAddress: localhost:53708}, msedge: {msedgedriverVersion: 117.0.2045.47 (b75fe6866687..., userDataDir: C:\Users\VUNHAT~1\AppData\L...}, networkConnectionEnabled: false, pageLoadStrategy: normal, platformName: windows, proxy: Proxy(), se:cdp: ws://localhost:53708/devtoo..., se:cdpVersion: 117.0.2045.47, setWindowRect: true, strictFileInteractability: false, timeouts: {implicit: 0, pageLoad: 300000, script: 30000}, unhandledPromptBehavior: dismiss and notify, webauthn:extension:credBlob: true, webauthn:extension:largeBlob: true, webauthn:extension:minPinLength: true, webauthn:extension:prf: true, webauthn:virtualAuthenticators: true}
Session ID: cfbab9d7de8891250000ed368505d91a">
      <![CDATA[org.openqa.selenium.TimeoutException: Expected condition failed: waiting for visibility of element located by By.xpath: //a[@class='ico-login'] (tried for 15 second(s) with 500 milliseconds interval)
Build info: version: '4.13.0', revision: 'ba948ece5b*'
System info: os.name: 'Windows 10', os.arch: 'amd64', os.version: '10.0', java.version: '11.0.17'
Driver info: org.openqa.selenium.edge.EdgeDriver
Capabilities {acceptInsecureCerts: false, browserName: msedge, browserVersion: 117.0.2045.47, fedcm:accounts: true, ms:edgeOptions: {debuggerAddress: localhost:53708}, msedge: {msedgedriverVersion: 117.0.2045.47 (b75fe6866687..., userDataDir: C:\Users\VUNHAT~1\AppData\L...}, networkConnectionEnabled: false, pageLoadStrategy: normal, platformName: windows, proxy: Proxy(), se:cdp: ws://localhost:53708/devtoo..., se:cdpVersion: 117.0.2045.47, setWindowRect: true, strictFileInteractability: false, timeouts: {implicit: 0, pageLoad: 300000, script: 30000}, unhandledPromptBehavior: dismiss and notify, webauthn:extension:credBlob: true, webauthn:extension:largeBlob: true, webauthn:extension:minPinLength: true, webauthn:extension:prf: true, webauthn:virtualAuthenticators: true}
Session ID: cfbab9d7de8891250000ed368505d91a
at org.openqa.selenium.support.ui.WebDriverWait.timeoutException(WebDriverWait.java:84)
at org.openqa.selenium.support.ui.FluentWait.until(FluentWait.java:230)
at commons.BasePage.waitForElement(BasePage.java:75)
at pageObjects.HomePageObject.clickOnLoginLink(HomePageObject.java:22)
at com.nopcommerce.users.Level_04_Multiple_Browsers.Register_06_Verify_Login(Level_04_Multiple_Browsers.java:142)
... Removed 25 stack frames]]>
    </failure>
  </testcase> <!-- Register_06_Verify_Login -->
</testsuite> <!-- Run on Edge -->
